2026-01-23 14:33:52 [34mINFO [0;39m [main] [36mo.b.h.Entrypoint[0;39m : Starting Entrypoint
2026-01-23 14:34:24 INFO  [main] o.b.h.Entrypoint : Starting Entrypoint
2026-01-23 14:35:51 INFO  [main] o.b.h.Entrypoint : Starting Entrypoint
2026-01-23 14:35:52 INFO  [JavaFX-Launcher] o.s.b.SpringApplication : Starting application using Java 17.0.8 with PID 23268 (started by admin in C:\Main files\Programming\Projects\base-client)
2026-01-23 14:35:52 DEBUG [JavaFX-Launcher] o.s.b.SpringApplication : Running with Spring Boot v4.0.1, Spring v7.0.2
2026-01-23 14:35:52 INFO  [JavaFX-Launcher] o.s.b.SpringApplication : No active profile set, falling back to 1 default profile: "default"
2026-01-23 14:35:52 DEBUG [JavaFX-Launcher] o.s.b.SpringApplication : Loading source class org.banew.hdh.fxapp.SpringBootApp
2026-01-23 14:35:52 INFO  [JavaFX-Launcher] o.s.b.SpringApplication : Started application in 0.696 seconds (process running for 1.358)
2026-01-23 14:37:20 INFO  [main] o.b.h.Entrypoint : Starting Entrypoint
2026-01-23 14:37:20 INFO  [JavaFX-Launcher] o.s.b.SpringApplication : Starting application using Java 17.0.8 with PID 19676 (started by admin in C:\Main files\Programming\Projects\base-client)
2026-01-23 14:37:20 DEBUG [JavaFX-Launcher] o.s.b.SpringApplication : Running with Spring Boot v4.0.1, Spring v7.0.2
2026-01-23 14:37:20 INFO  [JavaFX-Launcher] o.s.b.SpringApplication : No active profile set, falling back to 1 default profile: "default"
2026-01-23 14:37:20 DEBUG [JavaFX-Launcher] o.s.b.SpringApplication : Loading source class org.banew.hdh.fxapp.SpringBootApp
2026-01-23 14:37:21 INFO  [JavaFX-Launcher] o.s.b.SpringApplication : Started application in 0.723 seconds (process running for 1.376)
2026-01-27 23:47:01 INFO  [JavaFX-Launcher] o.s.b.SpringApplication : Starting application using Java 17.0.8 with PID 13640 (started by admin in C:\Main files\Programming\Projects\base-client)
2026-01-27 23:47:01 DEBUG [JavaFX-Launcher] o.s.b.SpringApplication : Running with Spring Boot v4.0.1, Spring v7.0.2
2026-01-27 23:47:01 INFO  [JavaFX-Launcher] o.s.b.SpringApplication : No active profile set, falling back to 1 default profile: "default"
2026-01-27 23:47:01 DEBUG [JavaFX-Launcher] o.s.b.SpringApplication : Loading source class org.banew.hdh.fxapp.SpringBootApp
2026-01-27 23:47:02 INFO  [JavaFX-Launcher] o.s.b.SpringApplication : Started application in 0.734 seconds (process running for 1.632)
2026-01-28 00:06:37 INFO  [JavaFX-Launcher] o.s.b.SpringApplication : Starting application using Java 17.0.8 with PID 8416 (started by admin in C:\Main files\Programming\Projects\base-client)
2026-01-28 00:06:37 DEBUG [JavaFX-Launcher] o.s.b.SpringApplication : Running with Spring Boot v4.0.1, Spring v7.0.2
2026-01-28 00:06:37 INFO  [JavaFX-Launcher] o.s.b.SpringApplication : No active profile set, falling back to 1 default profile: "default"
2026-01-28 00:06:37 DEBUG [JavaFX-Launcher] o.s.b.SpringApplication : Loading source class org.banew.hdh.fxapp.SpringBootApp
2026-01-28 00:06:37 INFO  [JavaFX-Launcher] o.s.b.SpringApplication : Started application in 0.726 seconds (process running for 1.528)
2026-01-28 00:08:41 INFO  [JavaFX-Launcher] o.s.b.SpringApplication : Starting application using Java 17.0.8 with PID 4324 (started by admin in C:\Main files\Programming\Projects\base-client)
2026-01-28 00:08:41 DEBUG [JavaFX-Launcher] o.s.b.SpringApplication : Running with Spring Boot v4.0.1, Spring v7.0.2
2026-01-28 00:08:41 INFO  [JavaFX-Launcher] o.s.b.SpringApplication : No active profile set, falling back to 1 default profile: "default"
2026-01-28 00:08:41 DEBUG [JavaFX-Launcher] o.s.b.SpringApplication : Loading source class org.banew.hdh.fxapp.SpringBootApp
2026-01-28 00:08:41 INFO  [JavaFX-Launcher] o.s.b.SpringApplication : Started application in 0.73 seconds (process running for 1.468)
2026-01-28 00:13:12 INFO  [JavaFX-Launcher] o.s.b.SpringApplication : Starting application using Java 17.0.8 with PID 15460 (started by admin in C:\Main files\Programming\Projects\base-client)
2026-01-28 00:13:12 DEBUG [JavaFX-Launcher] o.s.b.SpringApplication : Running with Spring Boot v4.0.1, Spring v7.0.2
2026-01-28 00:13:12 INFO  [JavaFX-Launcher] o.s.b.SpringApplication : No active profile set, falling back to 1 default profile: "default"
2026-01-28 00:13:12 DEBUG [JavaFX-Launcher] o.s.b.SpringApplication : Loading source class org.banew.hdh.fxapp.SpringBootApp
2026-01-28 00:13:12 INFO  [JavaFX-Launcher] o.s.b.SpringApplication : Started application in 0.71 seconds (process running for 1.45)
2026-01-28 00:13:25 INFO  [JavaFX-Launcher] o.s.b.SpringApplication : Starting application using Java 17.0.8 with PID 18616 (started by admin in C:\Main files\Programming\Projects\base-client)
2026-01-28 00:13:25 DEBUG [JavaFX-Launcher] o.s.b.SpringApplication : Running with Spring Boot v4.0.1, Spring v7.0.2
2026-01-28 00:13:25 INFO  [JavaFX-Launcher] o.s.b.SpringApplication : No active profile set, falling back to 1 default profile: "default"
2026-01-28 00:13:25 DEBUG [JavaFX-Launcher] o.s.b.SpringApplication : Loading source class org.banew.hdh.fxapp.SpringBootApp
2026-01-28 00:13:26 INFO  [JavaFX-Launcher] o.s.b.SpringApplication : Started application in 0.717 seconds (process running for 1.406)
2026-01-28 00:14:23 INFO  [JavaFX-Launcher] o.s.b.SpringApplication : Starting application using Java 17.0.8 with PID 10860 (started by admin in C:\Main files\Programming\Projects\base-client)
2026-01-28 00:14:23 DEBUG [JavaFX-Launcher] o.s.b.SpringApplication : Running with Spring Boot v4.0.1, Spring v7.0.2
2026-01-28 00:14:23 INFO  [JavaFX-Launcher] o.s.b.SpringApplication : No active profile set, falling back to 1 default profile: "default"
2026-01-28 00:14:23 DEBUG [JavaFX-Launcher] o.s.b.SpringApplication : Loading source class org.banew.hdh.fxapp.SpringBootApp
2026-01-28 00:14:24 INFO  [JavaFX-Launcher] o.s.b.SpringApplication : Started application in 0.799 seconds (process running for 2.149)
2026-01-28 00:16:05 INFO  [JavaFX-Launcher] o.s.b.SpringApplication : Starting application using Java 17.0.8 with PID 13736 (started by admin in C:\Main files\Programming\Projects\base-client)
2026-01-28 00:16:05 DEBUG [JavaFX-Launcher] o.s.b.SpringApplication : Running with Spring Boot v4.0.1, Spring v7.0.2
2026-01-28 00:16:05 INFO  [JavaFX-Launcher] o.s.b.SpringApplication : No active profile set, falling back to 1 default profile: "default"
2026-01-28 00:16:05 DEBUG [JavaFX-Launcher] o.s.b.SpringApplication : Loading source class org.banew.hdh.fxapp.SpringBootApp
2026-01-28 00:16:05 INFO  [JavaFX-Launcher] o.s.b.SpringApplication : Started application in 0.711 seconds (process running for 1.421)
2026-01-28 00:16:20 INFO  [JavaFX-Launcher] o.s.b.SpringApplication : Starting application using Java 17.0.8 with PID 22536 (started by admin in C:\Main files\Programming\Projects\base-client)
2026-01-28 00:16:20 DEBUG [JavaFX-Launcher] o.s.b.SpringApplication : Running with Spring Boot v4.0.1, Spring v7.0.2
2026-01-28 00:16:20 INFO  [JavaFX-Launcher] o.s.b.SpringApplication : No active profile set, falling back to 1 default profile: "default"
2026-01-28 00:16:20 DEBUG [JavaFX-Launcher] o.s.b.SpringApplication : Loading source class org.banew.hdh.fxapp.SpringBootApp
2026-01-28 00:16:20 INFO  [JavaFX-Launcher] o.s.b.SpringApplication : Started application in 0.714 seconds (process running for 1.406)
2026-01-28 00:29:07 INFO  [JavaFX-Launcher] o.s.b.SpringApplication : Starting application using Java 17.0.8 with PID 11168 (started by admin in C:\Main files\Programming\Projects\base-client)
2026-01-28 00:29:07 DEBUG [JavaFX-Launcher] o.s.b.SpringApplication : Running with Spring Boot v4.0.1, Spring v7.0.2
2026-01-28 00:29:07 INFO  [JavaFX-Launcher] o.s.b.SpringApplication : No active profile set, falling back to 1 default profile: "default"
2026-01-28 00:29:07 DEBUG [JavaFX-Launcher] o.s.b.SpringApplication : Loading source class org.banew.hdh.fxapp.SpringBootApp
2026-01-28 00:29:08 INFO  [JavaFX-Launcher] o.s.b.SpringApplication : Started application in 0.701 seconds (process running for 1.422)
2026-01-28 00:31:25 INFO  [JavaFX-Launcher] o.s.b.SpringApplication : Starting application using Java 17.0.8 with PID 16684 (started by admin in C:\Main files\Programming\Projects\base-client)
2026-01-28 00:31:25 DEBUG [JavaFX-Launcher] o.s.b.SpringApplication : Running with Spring Boot v4.0.1, Spring v7.0.2
2026-01-28 00:31:25 INFO  [JavaFX-Launcher] o.s.b.SpringApplication : No active profile set, falling back to 1 default profile: "default"
2026-01-28 00:31:25 DEBUG [JavaFX-Launcher] o.s.b.SpringApplication : Loading source class org.banew.hdh.fxapp.SpringBootApp
2026-01-28 00:31:26 INFO  [JavaFX-Launcher] o.s.b.SpringApplication : Started application in 0.704 seconds (process running for 1.431)
2026-01-28 00:35:28 INFO  [JavaFX-Launcher] o.s.b.SpringApplication : Starting application using Java 17.0.8 with PID 14252 (started by admin in C:\Main files\Programming\Projects\base-client)
2026-01-28 00:35:28 DEBUG [JavaFX-Launcher] o.s.b.SpringApplication : Running with Spring Boot v4.0.1, Spring v7.0.2
2026-01-28 00:35:28 INFO  [JavaFX-Launcher] o.s.b.SpringApplication : No active profile set, falling back to 1 default profile: "default"
2026-01-28 00:35:28 DEBUG [JavaFX-Launcher] o.s.b.SpringApplication : Loading source class org.banew.hdh.fxapp.SpringBootApp
2026-01-28 00:35:28 INFO  [JavaFX-Launcher] o.s.b.SpringApplication : Started application in 0.685 seconds (process running for 1.394)
2026-01-28 00:37:35 INFO  [JavaFX-Launcher] o.s.b.SpringApplication : Starting application using Java 17.0.8 with PID 13012 (started by admin in C:\Main files\Programming\Projects\base-client)
2026-01-28 00:37:35 DEBUG [JavaFX-Launcher] o.s.b.SpringApplication : Running with Spring Boot v4.0.1, Spring v7.0.2
2026-01-28 00:37:35 INFO  [JavaFX-Launcher] o.s.b.SpringApplication : No active profile set, falling back to 1 default profile: "default"
2026-01-28 00:37:35 DEBUG [JavaFX-Launcher] o.s.b.SpringApplication : Loading source class org.banew.hdh.fxapp.SpringBootApp
2026-01-28 00:37:35 INFO  [JavaFX-Launcher] o.s.b.SpringApplication : Started application in 0.697 seconds (process running for 1.415)
2026-01-28 00:49:51 INFO  [JavaFX-Launcher] o.s.b.SpringApplication : Starting application using Java 17.0.8 with PID 17720 (started by admin in C:\Main files\Programming\Projects\base-client)
2026-01-28 00:49:51 DEBUG [JavaFX-Launcher] o.s.b.SpringApplication : Running with Spring Boot v4.0.1, Spring v7.0.2
2026-01-28 00:49:51 INFO  [JavaFX-Launcher] o.s.b.SpringApplication : No active profile set, falling back to 1 default profile: "default"
2026-01-28 00:49:51 DEBUG [JavaFX-Launcher] o.s.b.SpringApplication : Loading source class org.banew.hdh.fxapp.SpringBootApp
2026-01-28 00:49:52 INFO  [JavaFX-Launcher] o.s.b.SpringApplication : Started application in 0.74 seconds (process running for 1.567)
2026-01-28 00:50:08 INFO  [JavaFX-Launcher] o.s.b.SpringApplication : Starting application using Java 17.0.8 with PID 9856 (started by admin in C:\Main files\Programming\Projects\base-client)
2026-01-28 00:50:08 DEBUG [JavaFX-Launcher] o.s.b.SpringApplication : Running with Spring Boot v4.0.1, Spring v7.0.2
2026-01-28 00:50:08 INFO  [JavaFX-Launcher] o.s.b.SpringApplication : No active profile set, falling back to 1 default profile: "default"
2026-01-28 00:50:08 DEBUG [JavaFX-Launcher] o.s.b.SpringApplication : Loading source class org.banew.hdh.fxapp.SpringBootApp
2026-01-28 00:50:08 INFO  [JavaFX-Launcher] o.s.b.SpringApplication : Started application in 0.706 seconds (process running for 1.403)
2026-01-28 01:07:13 INFO  [JavaFX-Launcher] o.s.b.SpringApplication : Starting application using Java 17.0.8 with PID 1804 (started by admin in C:\Main files\Programming\Projects\base-client)
2026-01-28 01:07:13 DEBUG [JavaFX-Launcher] o.s.b.SpringApplication : Running with Spring Boot v4.0.1, Spring v7.0.2
2026-01-28 01:07:13 INFO  [JavaFX-Launcher] o.s.b.SpringApplication : No active profile set, falling back to 1 default profile: "default"
2026-01-28 01:07:13 DEBUG [JavaFX-Launcher] o.s.b.SpringApplication : Loading source class org.banew.hdh.fxapp.SpringBootApp
2026-01-28 01:07:14 INFO  [JavaFX-Launcher] o.s.b.SpringApplication : Started application in 0.761 seconds (process running for 1.558)
2026-01-28 01:07:59 INFO  [JavaFX-Launcher] o.s.b.SpringApplication : Starting application using Java 17.0.8 with PID 16372 (started by admin in C:\Main files\Programming\Projects\base-client)
2026-01-28 01:07:59 DEBUG [JavaFX-Launcher] o.s.b.SpringApplication : Running with Spring Boot v4.0.1, Spring v7.0.2
2026-01-28 01:07:59 INFO  [JavaFX-Launcher] o.s.b.SpringApplication : No active profile set, falling back to 1 default profile: "default"
2026-01-28 01:07:59 DEBUG [JavaFX-Launcher] o.s.b.SpringApplication : Loading source class org.banew.hdh.fxapp.SpringBootApp
2026-01-28 01:07:59 INFO  [JavaFX-Launcher] o.s.b.SpringApplication : Started application in 0.769 seconds (process running for 1.54)
2026-01-28 01:09:21 INFO  [JavaFX-Launcher] o.s.b.SpringApplication : Starting application using Java 17.0.8 with PID 17796 (started by admin in C:\Main files\Programming\Projects\base-client)
2026-01-28 01:09:21 DEBUG [JavaFX-Launcher] o.s.b.SpringApplication : Running with Spring Boot v4.0.1, Spring v7.0.2
2026-01-28 01:09:21 INFO  [JavaFX-Launcher] o.s.b.SpringApplication : No active profile set, falling back to 1 default profile: "default"
2026-01-28 01:09:21 DEBUG [JavaFX-Launcher] o.s.b.SpringApplication : Loading source class org.banew.hdh.fxapp.SpringBootApp
2026-01-28 01:09:22 INFO  [JavaFX-Launcher] o.s.b.SpringApplication : Started application in 0.759 seconds (process running for 1.511)
2026-01-28 01:10:12 INFO  [JavaFX-Launcher] o.s.b.SpringApplication : Starting application using Java 17.0.8 with PID 24064 (started by admin in C:\Main files\Programming\Projects\base-client)
2026-01-28 01:10:12 DEBUG [JavaFX-Launcher] o.s.b.SpringApplication : Running with Spring Boot v4.0.1, Spring v7.0.2
2026-01-28 01:10:12 INFO  [JavaFX-Launcher] o.s.b.SpringApplication : No active profile set, falling back to 1 default profile: "default"
2026-01-28 01:10:12 DEBUG [JavaFX-Launcher] o.s.b.SpringApplication : Loading source class org.banew.hdh.fxapp.SpringBootApp
2026-01-28 01:10:13 INFO  [JavaFX-Launcher] o.s.b.SpringApplication : Started application in 0.732 seconds (process running for 1.462)
2026-01-28 01:10:20 INFO  [JavaFX-Launcher] o.s.b.SpringApplication : Starting application using Java 17.0.8 with PID 2636 (started by admin in C:\Main files\Programming\Projects\base-client)
2026-01-28 01:10:20 DEBUG [JavaFX-Launcher] o.s.b.SpringApplication : Running with Spring Boot v4.0.1, Spring v7.0.2
2026-01-28 01:10:20 INFO  [JavaFX-Launcher] o.s.b.SpringApplication : No active profile set, falling back to 1 default profile: "default"
2026-01-28 01:10:20 DEBUG [JavaFX-Launcher] o.s.b.SpringApplication : Loading source class org.banew.hdh.fxapp.SpringBootApp
2026-01-28 01:10:21 INFO  [JavaFX-Launcher] o.s.b.SpringApplication : Started application in 0.708 seconds (process running for 1.413)
2026-01-28 01:12:22 INFO  [JavaFX-Launcher] o.s.b.SpringApplication : Starting application using Java 17.0.8 with PID 25556 (started by admin in C:\Main files\Programming\Projects\base-client)
2026-01-28 01:12:22 DEBUG [JavaFX-Launcher] o.s.b.SpringApplication : Running with Spring Boot v4.0.1, Spring v7.0.2
2026-01-28 01:12:22 INFO  [JavaFX-Launcher] o.s.b.SpringApplication : No active profile set, falling back to 1 default profile: "default"
2026-01-28 01:12:22 DEBUG [JavaFX-Launcher] o.s.b.SpringApplication : Loading source class org.banew.hdh.fxapp.SpringBootApp
2026-01-28 01:12:22 INFO  [JavaFX-Launcher] o.s.b.SpringApplication : Started application in 0.724 seconds (process running for 1.538)
2026-01-28 01:13:07 INFO  [JavaFX-Launcher] o.s.b.SpringApplication : Starting application using Java 17.0.8 with PID 19852 (started by admin in C:\Main files\Programming\Projects\base-client)
2026-01-28 01:13:07 DEBUG [JavaFX-Launcher] o.s.b.SpringApplication : Running with Spring Boot v4.0.1, Spring v7.0.2
2026-01-28 01:13:07 INFO  [JavaFX-Launcher] o.s.b.SpringApplication : No active profile set, falling back to 1 default profile: "default"
2026-01-28 01:13:07 DEBUG [JavaFX-Launcher] o.s.b.SpringApplication : Loading source class org.banew.hdh.fxapp.SpringBootApp
2026-01-28 01:13:08 INFO  [JavaFX-Launcher] o.s.b.SpringApplication : Started application in 0.844 seconds (process running for 1.632)
2026-01-28 01:15:01 INFO  [JavaFX-Launcher] o.s.b.SpringApplication : Starting application using Java 17.0.8 with PID 15684 (started by admin in C:\Main files\Programming\Projects\base-client)
2026-01-28 01:15:01 DEBUG [JavaFX-Launcher] o.s.b.SpringApplication : Running with Spring Boot v4.0.1, Spring v7.0.2
2026-01-28 01:15:01 INFO  [JavaFX-Launcher] o.s.b.SpringApplication : No active profile set, falling back to 1 default profile: "default"
2026-01-28 01:15:01 DEBUG [JavaFX-Launcher] o.s.b.SpringApplication : Loading source class org.banew.hdh.fxapp.SpringBootApp
2026-01-28 01:15:02 INFO  [JavaFX-Launcher] o.s.b.SpringApplication : Started application in 0.715 seconds (process running for 1.431)
2026-01-28 01:17:22 INFO  [JavaFX-Launcher] o.s.b.SpringApplication : Starting application using Java 17.0.8 with PID 3604 (started by admin in C:\Main files\Programming\Projects\base-client)
2026-01-28 01:17:22 DEBUG [JavaFX-Launcher] o.s.b.SpringApplication : Running with Spring Boot v4.0.1, Spring v7.0.2
2026-01-28 01:17:22 INFO  [JavaFX-Launcher] o.s.b.SpringApplication : No active profile set, falling back to 1 default profile: "default"
2026-01-28 01:17:22 DEBUG [JavaFX-Launcher] o.s.b.SpringApplication : Loading source class org.banew.hdh.fxapp.SpringBootApp
2026-01-28 01:17:22 INFO  [JavaFX-Launcher] o.s.b.SpringApplication : Started application in 0.787 seconds (process running for 1.504)
2026-01-28 01:40:46 INFO  [JavaFX-Launcher] o.s.b.SpringApplication : Starting application using Java 17.0.8 with PID 18952 (started by admin in C:\Main files\Programming\Projects\base-client)
2026-01-28 01:40:46 DEBUG [JavaFX-Launcher] o.s.b.SpringApplication : Running with Spring Boot v4.0.1, Spring v7.0.2
2026-01-28 01:40:46 INFO  [JavaFX-Launcher] o.s.b.SpringApplication : No active profile set, falling back to 1 default profile: "default"
2026-01-28 01:40:46 DEBUG [JavaFX-Launcher] o.s.b.SpringApplication : Loading source class org.banew.hdh.fxapp.SpringBootApp
2026-01-28 01:40:46 INFO  [JavaFX-Launcher] o.s.b.SpringApplication : Started application in 0.728 seconds (process running for 1.463)
2026-01-28 01:41:49 INFO  [JavaFX-Launcher] o.s.b.SpringApplication : Starting application using Java 17.0.8 with PID 2276 (started by admin in C:\Main files\Programming\Projects\base-client)
2026-01-28 01:41:49 DEBUG [JavaFX-Launcher] o.s.b.SpringApplication : Running with Spring Boot v4.0.1, Spring v7.0.2
2026-01-28 01:41:49 INFO  [JavaFX-Launcher] o.s.b.SpringApplication : No active profile set, falling back to 1 default profile: "default"
2026-01-28 01:41:49 DEBUG [JavaFX-Launcher] o.s.b.SpringApplication : Loading source class org.banew.hdh.fxapp.SpringBootApp
2026-01-28 01:41:49 INFO  [JavaFX-Launcher] o.s.b.SpringApplication : Started application in 0.719 seconds (process running for 1.46)
2026-01-28 01:42:06 INFO  [JavaFX-Launcher] o.s.b.SpringApplication : Starting application using Java 17.0.8 with PID 19812 (started by admin in C:\Main files\Programming\Projects\base-client)
2026-01-28 01:42:06 DEBUG [JavaFX-Launcher] o.s.b.SpringApplication : Running with Spring Boot v4.0.1, Spring v7.0.2
2026-01-28 01:42:06 INFO  [JavaFX-Launcher] o.s.b.SpringApplication : No active profile set, falling back to 1 default profile: "default"
2026-01-28 01:42:06 DEBUG [JavaFX-Launcher] o.s.b.SpringApplication : Loading source class org.banew.hdh.fxapp.SpringBootApp
2026-01-28 01:42:06 INFO  [JavaFX-Launcher] o.s.b.SpringApplication : Started application in 0.792 seconds (process running for 1.528)
2026-01-28 01:46:12 INFO  [JavaFX-Launcher] o.s.b.SpringApplication : Starting application using Java 17.0.8 with PID 10656 (started by admin in C:\Main files\Programming\Projects\base-client)
2026-01-28 01:46:12 DEBUG [JavaFX-Launcher] o.s.b.SpringApplication : Running with Spring Boot v4.0.1, Spring v7.0.2
2026-01-28 01:46:12 INFO  [JavaFX-Launcher] o.s.b.SpringApplication : No active profile set, falling back to 1 default profile: "default"
2026-01-28 01:46:12 DEBUG [JavaFX-Launcher] o.s.b.SpringApplication : Loading source class org.banew.hdh.fxapp.SpringBootApp
2026-01-28 01:46:13 INFO  [JavaFX-Launcher] o.s.b.SpringApplication : Started application in 0.711 seconds (process running for 1.452)
2026-01-28 01:46:59 INFO  [JavaFX-Launcher] o.s.b.SpringApplication : Starting application using Java 17.0.8 with PID 21040 (started by admin in C:\Main files\Programming\Projects\base-client)
2026-01-28 01:46:59 DEBUG [JavaFX-Launcher] o.s.b.SpringApplication : Running with Spring Boot v4.0.1, Spring v7.0.2
2026-01-28 01:46:59 INFO  [JavaFX-Launcher] o.s.b.SpringApplication : No active profile set, falling back to 1 default profile: "default"
2026-01-28 01:46:59 DEBUG [JavaFX-Launcher] o.s.b.SpringApplication : Loading source class org.banew.hdh.fxapp.SpringBootApp
2026-01-28 01:47:00 INFO  [JavaFX-Launcher] o.s.b.SpringApplication : Started application in 0.729 seconds (process running for 1.435)
2026-01-28 01:49:09 INFO  [JavaFX-Launcher] o.s.b.SpringApplication : Starting application using Java 17.0.8 with PID 21584 (started by admin in C:\Main files\Programming\Projects\base-client)
2026-01-28 01:49:09 DEBUG [JavaFX-Launcher] o.s.b.SpringApplication : Running with Spring Boot v4.0.1, Spring v7.0.2
2026-01-28 01:49:09 INFO  [JavaFX-Launcher] o.s.b.SpringApplication : No active profile set, falling back to 1 default profile: "default"
2026-01-28 01:49:09 DEBUG [JavaFX-Launcher] o.s.b.SpringApplication : Loading source class org.banew.hdh.fxapp.SpringBootApp
2026-01-28 01:49:09 INFO  [JavaFX-Launcher] o.s.b.SpringApplication : Started application in 0.709 seconds (process running for 1.435)
2026-01-28 01:49:34 INFO  [JavaFX-Launcher] o.s.b.SpringApplication : Starting application using Java 17.0.8 with PID 24708 (started by admin in C:\Main files\Programming\Projects\base-client)
2026-01-28 01:49:34 DEBUG [JavaFX-Launcher] o.s.b.SpringApplication : Running with Spring Boot v4.0.1, Spring v7.0.2
2026-01-28 01:49:34 INFO  [JavaFX-Launcher] o.s.b.SpringApplication : No active profile set, falling back to 1 default profile: "default"
2026-01-28 01:49:34 DEBUG [JavaFX-Launcher] o.s.b.SpringApplication : Loading source class org.banew.hdh.fxapp.SpringBootApp
2026-01-28 01:49:34 INFO  [JavaFX-Launcher] o.s.b.SpringApplication : Started application in 0.813 seconds (process running for 1.571)
2026-01-28 01:50:57 INFO  [JavaFX-Launcher] o.s.b.SpringApplication : Starting application using Java 17.0.8 with PID 21248 (started by admin in C:\Main files\Programming\Projects\base-client)
2026-01-28 01:50:57 DEBUG [JavaFX-Launcher] o.s.b.SpringApplication : Running with Spring Boot v4.0.1, Spring v7.0.2
2026-01-28 01:50:57 INFO  [JavaFX-Launcher] o.s.b.SpringApplication : No active profile set, falling back to 1 default profile: "default"
2026-01-28 01:50:57 DEBUG [JavaFX-Launcher] o.s.b.SpringApplication : Loading source class org.banew.hdh.fxapp.SpringBootApp
2026-01-28 01:50:57 INFO  [JavaFX-Launcher] o.s.b.SpringApplication : Started application in 0.691 seconds (process running for 1.395)
2026-01-28 01:51:22 INFO  [JavaFX-Launcher] o.s.b.SpringApplication : Starting application using Java 17.0.8 with PID 12472 (started by admin in C:\Main files\Programming\Projects\base-client)
2026-01-28 01:51:22 DEBUG [JavaFX-Launcher] o.s.b.SpringApplication : Running with Spring Boot v4.0.1, Spring v7.0.2
2026-01-28 01:51:22 INFO  [JavaFX-Launcher] o.s.b.SpringApplication : No active profile set, falling back to 1 default profile: "default"
2026-01-28 01:51:22 DEBUG [JavaFX-Launcher] o.s.b.SpringApplication : Loading source class org.banew.hdh.fxapp.SpringBootApp
2026-01-28 01:51:22 INFO  [JavaFX-Launcher] o.s.b.SpringApplication : Started application in 0.809 seconds (process running for 1.515)
2026-01-28 01:51:52 INFO  [JavaFX-Launcher] o.s.b.SpringApplication : Starting application using Java 17.0.8 with PID 16888 (started by admin in C:\Main files\Programming\Projects\base-client)
2026-01-28 01:51:52 DEBUG [JavaFX-Launcher] o.s.b.SpringApplication : Running with Spring Boot v4.0.1, Spring v7.0.2
2026-01-28 01:51:52 INFO  [JavaFX-Launcher] o.s.b.SpringApplication : No active profile set, falling back to 1 default profile: "default"
2026-01-28 01:51:52 DEBUG [JavaFX-Launcher] o.s.b.SpringApplication : Loading source class org.banew.hdh.fxapp.SpringBootApp
2026-01-28 01:51:52 INFO  [JavaFX-Launcher] o.s.b.SpringApplication : Started application in 0.709 seconds (process running for 1.435)
2026-01-28 01:52:37 INFO  [JavaFX-Launcher] o.s.b.SpringApplication : Starting application using Java 17.0.8 with PID 14812 (started by admin in C:\Main files\Programming\Projects\base-client)
2026-01-28 01:52:37 DEBUG [JavaFX-Launcher] o.s.b.SpringApplication : Running with Spring Boot v4.0.1, Spring v7.0.2
2026-01-28 01:52:37 INFO  [JavaFX-Launcher] o.s.b.SpringApplication : No active profile set, falling back to 1 default profile: "default"
2026-01-28 01:52:37 DEBUG [JavaFX-Launcher] o.s.b.SpringApplication : Loading source class org.banew.hdh.fxapp.SpringBootApp
2026-01-28 01:52:37 INFO  [JavaFX-Launcher] o.s.b.SpringApplication : Started application in 0.732 seconds (process running for 1.497)
2026-01-28 01:52:50 INFO  [JavaFX-Launcher] o.s.b.SpringApplication : Starting application using Java 17.0.8 with PID 21952 (started by admin in C:\Main files\Programming\Projects\base-client)
2026-01-28 01:52:50 DEBUG [JavaFX-Launcher] o.s.b.SpringApplication : Running with Spring Boot v4.0.1, Spring v7.0.2
2026-01-28 01:52:50 INFO  [JavaFX-Launcher] o.s.b.SpringApplication : No active profile set, falling back to 1 default profile: "default"
2026-01-28 01:52:50 DEBUG [JavaFX-Launcher] o.s.b.SpringApplication : Loading source class org.banew.hdh.fxapp.SpringBootApp
2026-01-28 01:52:50 INFO  [JavaFX-Launcher] o.s.b.SpringApplication : Started application in 0.725 seconds (process running for 1.457)
2026-01-28 01:53:30 INFO  [JavaFX-Launcher] o.s.b.SpringApplication : Starting application using Java 17.0.8 with PID 3396 (started by admin in C:\Main files\Programming\Projects\base-client)
2026-01-28 01:53:30 DEBUG [JavaFX-Launcher] o.s.b.SpringApplication : Running with Spring Boot v4.0.1, Spring v7.0.2
2026-01-28 01:53:30 INFO  [JavaFX-Launcher] o.s.b.SpringApplication : No active profile set, falling back to 1 default profile: "default"
2026-01-28 01:53:30 DEBUG [JavaFX-Launcher] o.s.b.SpringApplication : Loading source class org.banew.hdh.fxapp.SpringBootApp
2026-01-28 01:53:30 INFO  [JavaFX-Launcher] o.s.b.SpringApplication : Started application in 0.74 seconds (process running for 1.564)
2026-01-28 01:55:59 INFO  [JavaFX-Launcher] o.s.b.SpringApplication : Starting application using Java 17.0.8 with PID 23424 (started by admin in C:\Main files\Programming\Projects\base-client)
2026-01-28 01:55:59 DEBUG [JavaFX-Launcher] o.s.b.SpringApplication : Running with Spring Boot v4.0.1, Spring v7.0.2
2026-01-28 01:55:59 INFO  [JavaFX-Launcher] o.s.b.SpringApplication : No active profile set, falling back to 1 default profile: "default"
2026-01-28 01:55:59 DEBUG [JavaFX-Launcher] o.s.b.SpringApplication : Loading source class org.banew.hdh.fxapp.SpringBootApp
2026-01-28 01:55:59 INFO  [JavaFX-Launcher] o.s.b.SpringApplication : Started application in 0.764 seconds (process running for 1.626)
2026-01-28 01:56:11 INFO  [JavaFX-Launcher] o.s.b.SpringApplication : Starting application using Java 17.0.8 with PID 6212 (started by admin in C:\Main files\Programming\Projects\base-client)
2026-01-28 01:56:11 DEBUG [JavaFX-Launcher] o.s.b.SpringApplication : Running with Spring Boot v4.0.1, Spring v7.0.2
2026-01-28 01:56:11 INFO  [JavaFX-Launcher] o.s.b.SpringApplication : No active profile set, falling back to 1 default profile: "default"
2026-01-28 01:56:11 DEBUG [JavaFX-Launcher] o.s.b.SpringApplication : Loading source class org.banew.hdh.fxapp.SpringBootApp
2026-01-28 01:56:12 INFO  [JavaFX-Launcher] o.s.b.SpringApplication : Started application in 0.834 seconds (process running for 1.554)
2026-01-28 01:56:57 INFO  [JavaFX-Launcher] o.s.b.SpringApplication : Starting application using Java 17.0.8 with PID 24868 (started by admin in C:\Main files\Programming\Projects\base-client)
2026-01-28 01:56:57 DEBUG [JavaFX-Launcher] o.s.b.SpringApplication : Running with Spring Boot v4.0.1, Spring v7.0.2
2026-01-28 01:56:57 INFO  [JavaFX-Launcher] o.s.b.SpringApplication : No active profile set, falling back to 1 default profile: "default"
2026-01-28 01:56:57 DEBUG [JavaFX-Launcher] o.s.b.SpringApplication : Loading source class org.banew.hdh.fxapp.SpringBootApp
2026-01-28 01:56:57 INFO  [JavaFX-Launcher] o.s.b.SpringApplication : Started application in 0.695 seconds (process running for 1.393)
2026-01-28 01:57:14 INFO  [JavaFX-Launcher] o.s.b.SpringApplication : Starting application using Java 17.0.8 with PID 13612 (started by admin in C:\Main files\Programming\Projects\base-client)
2026-01-28 01:57:14 DEBUG [JavaFX-Launcher] o.s.b.SpringApplication : Running with Spring Boot v4.0.1, Spring v7.0.2
2026-01-28 01:57:14 INFO  [JavaFX-Launcher] o.s.b.SpringApplication : No active profile set, falling back to 1 default profile: "default"
2026-01-28 01:57:14 DEBUG [JavaFX-Launcher] o.s.b.SpringApplication : Loading source class org.banew.hdh.fxapp.SpringBootApp
2026-01-28 01:57:14 INFO  [JavaFX-Launcher] o.s.b.SpringApplication : Started application in 0.738 seconds (process running for 1.531)
2026-01-28 02:00:36 INFO  [JavaFX-Launcher] o.s.b.SpringApplication : Starting application using Java 17.0.8 with PID 24532 (started by admin in C:\Main files\Programming\Projects\base-client)
2026-01-28 02:00:36 DEBUG [JavaFX-Launcher] o.s.b.SpringApplication : Running with Spring Boot v4.0.1, Spring v7.0.2
2026-01-28 02:00:36 INFO  [JavaFX-Launcher] o.s.b.SpringApplication : No active profile set, falling back to 1 default profile: "default"
2026-01-28 02:00:36 DEBUG [JavaFX-Launcher] o.s.b.SpringApplication : Loading source class org.banew.hdh.fxapp.SpringBootApp
2026-01-28 02:00:36 INFO  [JavaFX-Launcher] o.s.b.SpringApplication : Started application in 0.714 seconds (process running for 1.442)
2026-01-28 02:01:02 INFO  [JavaFX-Launcher] o.s.b.SpringApplication : Starting application using Java 17.0.8 with PID 13436 (started by admin in C:\Main files\Programming\Projects\base-client)
2026-01-28 02:01:02 DEBUG [JavaFX-Launcher] o.s.b.SpringApplication : Running with Spring Boot v4.0.1, Spring v7.0.2
2026-01-28 02:01:02 INFO  [JavaFX-Launcher] o.s.b.SpringApplication : No active profile set, falling back to 1 default profile: "default"
2026-01-28 02:01:02 DEBUG [JavaFX-Launcher] o.s.b.SpringApplication : Loading source class org.banew.hdh.fxapp.SpringBootApp
2026-01-28 02:01:03 INFO  [JavaFX-Launcher] o.s.b.SpringApplication : Started application in 0.704 seconds (process running for 1.41)
2026-01-28 02:03:10 INFO  [JavaFX-Launcher] o.s.b.SpringApplication : Starting application using Java 17.0.8 with PID 24756 (started by admin in C:\Main files\Programming\Projects\base-client)
2026-01-28 02:03:10 DEBUG [JavaFX-Launcher] o.s.b.SpringApplication : Running with Spring Boot v4.0.1, Spring v7.0.2
2026-01-28 02:03:10 INFO  [JavaFX-Launcher] o.s.b.SpringApplication : No active profile set, falling back to 1 default profile: "default"
2026-01-28 02:03:10 DEBUG [JavaFX-Launcher] o.s.b.SpringApplication : Loading source class org.banew.hdh.fxapp.SpringBootApp
2026-01-28 02:03:11 INFO  [JavaFX-Launcher] o.s.b.SpringApplication : Started application in 0.718 seconds (process running for 1.432)
2026-01-28 02:04:01 INFO  [JavaFX-Launcher] o.s.b.SpringApplication : Starting application using Java 17.0.8 with PID 25536 (started by admin in C:\Main files\Programming\Projects\base-client)
2026-01-28 02:04:01 DEBUG [JavaFX-Launcher] o.s.b.SpringApplication : Running with Spring Boot v4.0.1, Spring v7.0.2
2026-01-28 02:04:01 INFO  [JavaFX-Launcher] o.s.b.SpringApplication : No active profile set, falling back to 1 default profile: "default"
2026-01-28 02:04:01 DEBUG [JavaFX-Launcher] o.s.b.SpringApplication : Loading source class org.banew.hdh.fxapp.SpringBootApp
2026-01-28 02:04:02 INFO  [JavaFX-Launcher] o.s.b.SpringApplication : Started application in 0.712 seconds (process running for 1.413)
2026-01-28 02:04:32 INFO  [JavaFX-Launcher] o.s.b.SpringApplication : Starting application using Java 17.0.8 with PID 23600 (started by admin in C:\Main files\Programming\Projects\base-client)
2026-01-28 02:04:32 DEBUG [JavaFX-Launcher] o.s.b.SpringApplication : Running with Spring Boot v4.0.1, Spring v7.0.2
2026-01-28 02:04:32 INFO  [JavaFX-Launcher] o.s.b.SpringApplication : No active profile set, falling back to 1 default profile: "default"
2026-01-28 02:04:32 DEBUG [JavaFX-Launcher] o.s.b.SpringApplication : Loading source class org.banew.hdh.fxapp.SpringBootApp
2026-01-28 02:04:32 INFO  [JavaFX-Launcher] o.s.b.SpringApplication : Started application in 0.704 seconds (process running for 1.393)
2026-01-28 02:07:28 INFO  [JavaFX-Launcher] o.s.b.SpringApplication : Starting application using Java 17.0.8 with PID 2796 (started by admin in C:\Main files\Programming\Projects\base-client)
2026-01-28 02:07:28 DEBUG [JavaFX-Launcher] o.s.b.SpringApplication : Running with Spring Boot v4.0.1, Spring v7.0.2
2026-01-28 02:07:28 INFO  [JavaFX-Launcher] o.s.b.SpringApplication : No active profile set, falling back to 1 default profile: "default"
2026-01-28 02:07:28 DEBUG [JavaFX-Launcher] o.s.b.SpringApplication : Loading source class org.banew.hdh.fxapp.SpringBootApp
2026-01-28 02:07:29 INFO  [JavaFX-Launcher] o.s.b.SpringApplication : Started application in 0.714 seconds (process running for 1.416)
2026-01-28 02:12:39 INFO  [JavaFX-Launcher] o.s.b.SpringApplication : Starting application using Java 17.0.8 with PID 20816 (started by admin in C:\Main files\Programming\Projects\base-client)
2026-01-28 02:12:39 DEBUG [JavaFX-Launcher] o.s.b.SpringApplication : Running with Spring Boot v4.0.1, Spring v7.0.2
2026-01-28 02:12:39 INFO  [JavaFX-Launcher] o.s.b.SpringApplication : No active profile set, falling back to 1 default profile: "default"
2026-01-28 02:12:39 DEBUG [JavaFX-Launcher] o.s.b.SpringApplication : Loading source class org.banew.hdh.fxapp.SpringBootApp
2026-01-28 02:12:39 INFO  [JavaFX-Launcher] o.s.b.SpringApplication : Started application in 0.686 seconds (process running for 1.389)
2026-01-28 02:14:24 INFO  [JavaFX-Launcher] o.s.b.SpringApplication : Starting application using Java 17.0.8 with PID 25228 (started by admin in C:\Main files\Programming\Projects\base-client)
2026-01-28 02:14:24 DEBUG [JavaFX-Launcher] o.s.b.SpringApplication : Running with Spring Boot v4.0.1, Spring v7.0.2
2026-01-28 02:14:24 INFO  [JavaFX-Launcher] o.s.b.SpringApplication : No active profile set, falling back to 1 default profile: "default"
2026-01-28 02:14:24 DEBUG [JavaFX-Launcher] o.s.b.SpringApplication : Loading source class org.banew.hdh.fxapp.SpringBootApp
2026-01-28 02:14:24 INFO  [JavaFX-Launcher] o.s.b.SpringApplication : Started application in 0.695 seconds (process running for 1.418)
2026-01-28 02:15:30 INFO  [JavaFX-Launcher] o.s.b.SpringApplication : Starting application using Java 17.0.8 with PID 2796 (started by admin in C:\Main files\Programming\Projects\base-client)
2026-01-28 02:15:30 DEBUG [JavaFX-Launcher] o.s.b.SpringApplication : Running with Spring Boot v4.0.1, Spring v7.0.2
2026-01-28 02:15:30 INFO  [JavaFX-Launcher] o.s.b.SpringApplication : No active profile set, falling back to 1 default profile: "default"
2026-01-28 02:15:30 DEBUG [JavaFX-Launcher] o.s.b.SpringApplication : Loading source class org.banew.hdh.fxapp.SpringBootApp
2026-01-28 02:15:30 INFO  [JavaFX-Launcher] o.s.b.SpringApplication : Started application in 0.705 seconds (process running for 1.486)
2026-01-28 02:16:18 INFO  [JavaFX-Launcher] o.s.b.SpringApplication : Starting application using Java 17.0.8 with PID 15440 (started by admin in C:\Main files\Programming\Projects\base-client)
2026-01-28 02:16:18 DEBUG [JavaFX-Launcher] o.s.b.SpringApplication : Running with Spring Boot v4.0.1, Spring v7.0.2
2026-01-28 02:16:18 INFO  [JavaFX-Launcher] o.s.b.SpringApplication : No active profile set, falling back to 1 default profile: "default"
2026-01-28 02:16:18 DEBUG [JavaFX-Launcher] o.s.b.SpringApplication : Loading source class org.banew.hdh.fxapp.SpringBootApp
2026-01-28 02:16:18 INFO  [JavaFX-Launcher] o.s.b.SpringApplication : Started application in 0.697 seconds (process running for 1.399)
2026-01-28 02:16:58 INFO  [JavaFX-Launcher] o.s.b.SpringApplication : Starting application using Java 17.0.8 with PID 1752 (started by admin in C:\Main files\Programming\Projects\base-client)
2026-01-28 02:16:58 DEBUG [JavaFX-Launcher] o.s.b.SpringApplication : Running with Spring Boot v4.0.1, Spring v7.0.2
2026-01-28 02:16:58 INFO  [JavaFX-Launcher] o.s.b.SpringApplication : No active profile set, falling back to 1 default profile: "default"
2026-01-28 02:16:58 DEBUG [JavaFX-Launcher] o.s.b.SpringApplication : Loading source class org.banew.hdh.fxapp.SpringBootApp
2026-01-28 02:16:59 INFO  [JavaFX-Launcher] o.s.b.SpringApplication : Started application in 0.72 seconds (process running for 1.406)
2026-01-28 02:17:16 INFO  [JavaFX-Launcher] o.s.b.SpringApplication : Starting application using Java 17.0.8 with PID 7868 (started by admin in C:\Main files\Programming\Projects\base-client)
2026-01-28 02:17:16 DEBUG [JavaFX-Launcher] o.s.b.SpringApplication : Running with Spring Boot v4.0.1, Spring v7.0.2
2026-01-28 02:17:16 INFO  [JavaFX-Launcher] o.s.b.SpringApplication : No active profile set, falling back to 1 default profile: "default"
2026-01-28 02:17:16 DEBUG [JavaFX-Launcher] o.s.b.SpringApplication : Loading source class org.banew.hdh.fxapp.SpringBootApp
2026-01-28 02:17:17 INFO  [JavaFX-Launcher] o.s.b.SpringApplication : Started application in 0.687 seconds (process running for 1.392)
2026-01-28 02:20:18 INFO  [JavaFX-Launcher] o.s.b.SpringApplication : Starting application using Java 17.0.8 with PID 22536 (started by admin in C:\Main files\Programming\Projects\base-client)
2026-01-28 02:20:18 DEBUG [JavaFX-Launcher] o.s.b.SpringApplication : Running with Spring Boot v4.0.1, Spring v7.0.2
2026-01-28 02:20:18 INFO  [JavaFX-Launcher] o.s.b.SpringApplication : No active profile set, falling back to 1 default profile: "default"
2026-01-28 02:20:18 DEBUG [JavaFX-Launcher] o.s.b.SpringApplication : Loading source class org.banew.hdh.fxapp.SpringBootApp
2026-01-28 02:20:19 INFO  [JavaFX-Launcher] o.s.b.SpringApplication : Started application in 0.691 seconds (process running for 1.404)
2026-01-28 02:20:48 INFO  [JavaFX-Launcher] o.s.b.SpringApplication : Starting application using Java 17.0.8 with PID 25280 (started by admin in C:\Main files\Programming\Projects\base-client)
2026-01-28 02:20:48 DEBUG [JavaFX-Launcher] o.s.b.SpringApplication : Running with Spring Boot v4.0.1, Spring v7.0.2
2026-01-28 02:20:48 INFO  [JavaFX-Launcher] o.s.b.SpringApplication : No active profile set, falling back to 1 default profile: "default"
2026-01-28 02:20:48 DEBUG [JavaFX-Launcher] o.s.b.SpringApplication : Loading source class org.banew.hdh.fxapp.SpringBootApp
2026-01-28 02:20:48 INFO  [JavaFX-Launcher] o.s.b.SpringApplication : Started application in 0.721 seconds (process running for 1.438)
2026-01-28 02:20:57 INFO  [JavaFX-Launcher] o.s.b.SpringApplication : Starting application using Java 17.0.8 with PID 24360 (started by admin in C:\Main files\Programming\Projects\base-client)
2026-01-28 02:20:57 DEBUG [JavaFX-Launcher] o.s.b.SpringApplication : Running with Spring Boot v4.0.1, Spring v7.0.2
2026-01-28 02:20:57 INFO  [JavaFX-Launcher] o.s.b.SpringApplication : No active profile set, falling back to 1 default profile: "default"
2026-01-28 02:20:57 DEBUG [JavaFX-Launcher] o.s.b.SpringApplication : Loading source class org.banew.hdh.fxapp.SpringBootApp
2026-01-28 02:20:58 INFO  [JavaFX-Launcher] o.s.b.SpringApplication : Started application in 0.744 seconds (process running for 1.45)
2026-01-28 02:21:04 INFO  [JavaFX-Launcher] o.s.b.SpringApplication : Starting application using Java 17.0.8 with PID 15440 (started by admin in C:\Main files\Programming\Projects\base-client)
2026-01-28 02:21:04 DEBUG [JavaFX-Launcher] o.s.b.SpringApplication : Running with Spring Boot v4.0.1, Spring v7.0.2
2026-01-28 02:21:04 INFO  [JavaFX-Launcher] o.s.b.SpringApplication : No active profile set, falling back to 1 default profile: "default"
2026-01-28 02:21:04 DEBUG [JavaFX-Launcher] o.s.b.SpringApplication : Loading source class org.banew.hdh.fxapp.SpringBootApp
2026-01-28 02:21:05 INFO  [JavaFX-Launcher] o.s.b.SpringApplication : Started application in 0.705 seconds (process running for 1.403)
2026-01-28 02:21:30 INFO  [JavaFX-Launcher] o.s.b.SpringApplication : Starting application using Java 17.0.8 with PID 11752 (started by admin in C:\Main files\Programming\Projects\base-client)
2026-01-28 02:21:30 DEBUG [JavaFX-Launcher] o.s.b.SpringApplication : Running with Spring Boot v4.0.1, Spring v7.0.2
2026-01-28 02:21:30 INFO  [JavaFX-Launcher] o.s.b.SpringApplication : No active profile set, falling back to 1 default profile: "default"
2026-01-28 02:21:30 DEBUG [JavaFX-Launcher] o.s.b.SpringApplication : Loading source class org.banew.hdh.fxapp.SpringBootApp
2026-01-28 02:21:30 INFO  [JavaFX-Launcher] o.s.b.SpringApplication : Started application in 0.728 seconds (process running for 1.43)
2026-01-28 02:22:36 INFO  [JavaFX-Launcher] o.s.b.SpringApplication : Starting application using Java 17.0.8 with PID 25032 (started by admin in C:\Main files\Programming\Projects\base-client)
2026-01-28 02:22:36 DEBUG [JavaFX-Launcher] o.s.b.SpringApplication : Running with Spring Boot v4.0.1, Spring v7.0.2
2026-01-28 02:22:36 INFO  [JavaFX-Launcher] o.s.b.SpringApplication : No active profile set, falling back to 1 default profile: "default"
2026-01-28 02:22:36 DEBUG [JavaFX-Launcher] o.s.b.SpringApplication : Loading source class org.banew.hdh.fxapp.SpringBootApp
2026-01-28 02:22:37 INFO  [JavaFX-Launcher] o.s.b.SpringApplication : Started application in 0.75 seconds (process running for 1.478)
2026-01-28 02:23:27 INFO  [JavaFX-Launcher] o.s.b.SpringApplication : Starting application using Java 17.0.8 with PID 15272 (started by admin in C:\Main files\Programming\Projects\base-client)
2026-01-28 02:23:27 DEBUG [JavaFX-Launcher] o.s.b.SpringApplication : Running with Spring Boot v4.0.1, Spring v7.0.2
2026-01-28 02:23:27 INFO  [JavaFX-Launcher] o.s.b.SpringApplication : No active profile set, falling back to 1 default profile: "default"
2026-01-28 02:23:27 DEBUG [JavaFX-Launcher] o.s.b.SpringApplication : Loading source class org.banew.hdh.fxapp.SpringBootApp
2026-01-28 02:23:27 INFO  [JavaFX-Launcher] o.s.b.SpringApplication : Started application in 0.721 seconds (process running for 1.457)
2026-01-28 02:23:32 INFO  [JavaFX-Launcher] o.s.b.SpringApplication : Starting application using Java 17.0.8 with PID 23196 (started by admin in C:\Main files\Programming\Projects\base-client)
2026-01-28 02:23:32 DEBUG [JavaFX-Launcher] o.s.b.SpringApplication : Running with Spring Boot v4.0.1, Spring v7.0.2
2026-01-28 02:23:32 INFO  [JavaFX-Launcher] o.s.b.SpringApplication : No active profile set, falling back to 1 default profile: "default"
2026-01-28 02:23:32 DEBUG [JavaFX-Launcher] o.s.b.SpringApplication : Loading source class org.banew.hdh.fxapp.SpringBootApp
2026-01-28 02:23:33 INFO  [JavaFX-Launcher] o.s.b.SpringApplication : Started application in 0.777 seconds (process running for 1.496)
2026-01-28 02:25:09 INFO  [JavaFX-Launcher] o.s.b.SpringApplication : Starting application using Java 17.0.8 with PID 20916 (started by admin in C:\Main files\Programming\Projects\base-client)
2026-01-28 02:25:09 DEBUG [JavaFX-Launcher] o.s.b.SpringApplication : Running with Spring Boot v4.0.1, Spring v7.0.2
2026-01-28 02:25:09 INFO  [JavaFX-Launcher] o.s.b.SpringApplication : No active profile set, falling back to 1 default profile: "default"
2026-01-28 02:25:09 DEBUG [JavaFX-Launcher] o.s.b.SpringApplication : Loading source class org.banew.hdh.fxapp.SpringBootApp
2026-01-28 02:25:10 INFO  [JavaFX-Launcher] o.s.b.SpringApplication : Started application in 0.715 seconds (process running for 1.515)
2026-01-28 02:26:31 INFO  [JavaFX-Launcher] o.s.b.SpringApplication : Starting application using Java 17.0.8 with PID 25584 (started by admin in C:\Main files\Programming\Projects\base-client)
2026-01-28 02:26:31 DEBUG [JavaFX-Launcher] o.s.b.SpringApplication : Running with Spring Boot v4.0.1, Spring v7.0.2
2026-01-28 02:26:31 INFO  [JavaFX-Launcher] o.s.b.SpringApplication : No active profile set, falling back to 1 default profile: "default"
2026-01-28 02:26:31 DEBUG [JavaFX-Launcher] o.s.b.SpringApplication : Loading source class org.banew.hdh.fxapp.SpringBootApp
2026-01-28 02:26:31 INFO  [JavaFX-Launcher] o.s.b.SpringApplication : Started application in 0.738 seconds (process running for 1.447)
2026-01-28 02:27:16 INFO  [JavaFX-Launcher] o.s.b.SpringApplication : Starting application using Java 17.0.8 with PID 15912 (started by admin in C:\Main files\Programming\Projects\base-client)
2026-01-28 02:27:16 DEBUG [JavaFX-Launcher] o.s.b.SpringApplication : Running with Spring Boot v4.0.1, Spring v7.0.2
2026-01-28 02:27:16 INFO  [JavaFX-Launcher] o.s.b.SpringApplication : No active profile set, falling back to 1 default profile: "default"
2026-01-28 02:27:16 DEBUG [JavaFX-Launcher] o.s.b.SpringApplication : Loading source class org.banew.hdh.fxapp.SpringBootApp
2026-01-28 02:27:16 INFO  [JavaFX-Launcher] o.s.b.SpringApplication : Started application in 0.715 seconds (process running for 1.438)
2026-01-28 02:27:21 INFO  [JavaFX-Launcher] o.s.b.SpringApplication : Starting application using Java 17.0.8 with PID 25124 (started by admin in C:\Main files\Programming\Projects\base-client)
2026-01-28 02:27:21 DEBUG [JavaFX-Launcher] o.s.b.SpringApplication : Running with Spring Boot v4.0.1, Spring v7.0.2
2026-01-28 02:27:21 INFO  [JavaFX-Launcher] o.s.b.SpringApplication : No active profile set, falling back to 1 default profile: "default"
2026-01-28 02:27:21 DEBUG [JavaFX-Launcher] o.s.b.SpringApplication : Loading source class org.banew.hdh.fxapp.SpringBootApp
2026-01-28 02:27:22 INFO  [JavaFX-Launcher] o.s.b.SpringApplication : Started application in 0.733 seconds (process running for 1.436)
2026-01-28 02:29:50 INFO  [JavaFX-Launcher] o.s.b.SpringApplication : Starting application using Java 17.0.8 with PID 19600 (started by admin in C:\Main files\Programming\Projects\base-client)
2026-01-28 02:29:50 DEBUG [JavaFX-Launcher] o.s.b.SpringApplication : Running with Spring Boot v4.0.1, Spring v7.0.2
2026-01-28 02:29:50 INFO  [JavaFX-Launcher] o.s.b.SpringApplication : No active profile set, falling back to 1 default profile: "default"
2026-01-28 02:29:50 DEBUG [JavaFX-Launcher] o.s.b.SpringApplication : Loading source class org.banew.hdh.fxapp.SpringBootApp
2026-01-28 02:29:51 INFO  [JavaFX-Launcher] o.s.b.SpringApplication : Started application in 0.697 seconds (process running for 1.417)
2026-01-28 02:30:24 INFO  [JavaFX-Launcher] o.s.b.SpringApplication : Starting application using Java 17.0.8 with PID 23560 (started by admin in C:\Main files\Programming\Projects\base-client)
2026-01-28 02:30:24 DEBUG [JavaFX-Launcher] o.s.b.SpringApplication : Running with Spring Boot v4.0.1, Spring v7.0.2
2026-01-28 02:30:24 INFO  [JavaFX-Launcher] o.s.b.SpringApplication : No active profile set, falling back to 1 default profile: "default"
2026-01-28 02:30:24 DEBUG [JavaFX-Launcher] o.s.b.SpringApplication : Loading source class org.banew.hdh.fxapp.SpringBootApp
2026-01-28 02:30:24 INFO  [JavaFX-Launcher] o.s.b.SpringApplication : Started application in 0.69 seconds (process running for 1.411)
2026-01-28 02:34:38 INFO  [JavaFX-Launcher] o.s.b.SpringApplication : Starting application using Java 17.0.8 with PID 24528 (started by admin in C:\Main files\Programming\Projects\base-client)
2026-01-28 02:34:38 DEBUG [JavaFX-Launcher] o.s.b.SpringApplication : Running with Spring Boot v4.0.1, Spring v7.0.2
2026-01-28 02:34:38 INFO  [JavaFX-Launcher] o.s.b.SpringApplication : No active profile set, falling back to 1 default profile: "default"
2026-01-28 02:34:38 DEBUG [JavaFX-Launcher] o.s.b.SpringApplication : Loading source class org.banew.hdh.fxapp.SpringBootApp
2026-01-28 02:34:39 INFO  [JavaFX-Launcher] o.s.b.SpringApplication : Started application in 0.798 seconds (process running for 1.601)
2026-01-28 02:35:47 INFO  [JavaFX-Launcher] o.s.b.SpringApplication : Starting application using Java 17.0.8 with PID 24388 (started by admin in C:\Main files\Programming\Projects\base-client)
2026-01-28 02:35:47 DEBUG [JavaFX-Launcher] o.s.b.SpringApplication : Running with Spring Boot v4.0.1, Spring v7.0.2
2026-01-28 02:35:47 INFO  [JavaFX-Launcher] o.s.b.SpringApplication : No active profile set, falling back to 1 default profile: "default"
2026-01-28 02:35:47 DEBUG [JavaFX-Launcher] o.s.b.SpringApplication : Loading source class org.banew.hdh.fxapp.SpringBootApp
2026-01-28 02:35:47 INFO  [JavaFX-Launcher] o.s.b.SpringApplication : Started application in 0.75 seconds (process running for 1.457)
2026-01-28 02:37:13 INFO  [JavaFX-Launcher] o.s.b.SpringApplication : Starting application using Java 17.0.8 with PID 8508 (started by admin in C:\Main files\Programming\Projects\base-client)
2026-01-28 02:37:13 DEBUG [JavaFX-Launcher] o.s.b.SpringApplication : Running with Spring Boot v4.0.1, Spring v7.0.2
2026-01-28 02:37:13 INFO  [JavaFX-Launcher] o.s.b.SpringApplication : No active profile set, falling back to 1 default profile: "default"
2026-01-28 02:37:13 DEBUG [JavaFX-Launcher] o.s.b.SpringApplication : Loading source class org.banew.hdh.fxapp.SpringBootApp
2026-01-28 02:37:14 INFO  [JavaFX-Launcher] o.s.b.SpringApplication : Started application in 0.715 seconds (process running for 1.427)
2026-01-28 02:37:22 INFO  [JavaFX-Launcher] o.s.b.SpringApplication : Starting application using Java 17.0.8 with PID 16336 (started by admin in C:\Main files\Programming\Projects\base-client)
2026-01-28 02:37:22 DEBUG [JavaFX-Launcher] o.s.b.SpringApplication : Running with Spring Boot v4.0.1, Spring v7.0.2
2026-01-28 02:37:22 INFO  [JavaFX-Launcher] o.s.b.SpringApplication : No active profile set, falling back to 1 default profile: "default"
2026-01-28 02:37:22 DEBUG [JavaFX-Launcher] o.s.b.SpringApplication : Loading source class org.banew.hdh.fxapp.SpringBootApp
2026-01-28 02:37:22 INFO  [JavaFX-Launcher] o.s.b.SpringApplication : Started application in 0.706 seconds (process running for 1.438)
2026-01-28 02:41:14 INFO  [JavaFX-Launcher] o.s.b.SpringApplication : Starting application using Java 17.0.8 with PID 22404 (started by admin in C:\Main files\Programming\Projects\base-client)
2026-01-28 02:41:14 DEBUG [JavaFX-Launcher] o.s.b.SpringApplication : Running with Spring Boot v4.0.1, Spring v7.0.2
2026-01-28 02:41:14 INFO  [JavaFX-Launcher] o.s.b.SpringApplication : No active profile set, falling back to 1 default profile: "default"
2026-01-28 02:41:14 DEBUG [JavaFX-Launcher] o.s.b.SpringApplication : Loading source class org.banew.hdh.fxapp.SpringBootApp
2026-01-28 02:41:14 INFO  [JavaFX-Launcher] o.s.b.SpringApplication : Started application in 0.718 seconds (process running for 1.421)
2026-01-28 02:43:08 INFO  [JavaFX-Launcher] o.s.b.SpringApplication : Starting application using Java 17.0.8 with PID 13504 (started by admin in C:\Main files\Programming\Projects\base-client)
2026-01-28 02:43:08 DEBUG [JavaFX-Launcher] o.s.b.SpringApplication : Running with Spring Boot v4.0.1, Spring v7.0.2
2026-01-28 02:43:08 INFO  [JavaFX-Launcher] o.s.b.SpringApplication : No active profile set, falling back to 1 default profile: "default"
2026-01-28 02:43:08 DEBUG [JavaFX-Launcher] o.s.b.SpringApplication : Loading source class org.banew.hdh.fxapp.SpringBootApp
2026-01-28 02:43:09 INFO  [JavaFX-Launcher] o.s.b.SpringApplication : Started application in 0.704 seconds (process running for 1.41)
2026-01-28 02:44:27 INFO  [JavaFX-Launcher] o.s.b.SpringApplication : Starting application using Java 17.0.8 with PID 19560 (started by admin in C:\Main files\Programming\Projects\base-client)
2026-01-28 02:44:27 DEBUG [JavaFX-Launcher] o.s.b.SpringApplication : Running with Spring Boot v4.0.1, Spring v7.0.2
2026-01-28 02:44:27 INFO  [JavaFX-Launcher] o.s.b.SpringApplication : No active profile set, falling back to 1 default profile: "default"
2026-01-28 02:44:27 DEBUG [JavaFX-Launcher] o.s.b.SpringApplication : Loading source class org.banew.hdh.fxapp.SpringBootApp
2026-01-28 02:44:27 INFO  [JavaFX-Launcher] o.s.b.SpringApplication : Started application in 0.702 seconds (process running for 1.396)
2026-01-28 02:46:54 INFO  [JavaFX-Launcher] o.s.b.SpringApplication : Starting application using Java 17.0.8 with PID 24064 (started by admin in C:\Main files\Programming\Projects\base-client)
2026-01-28 02:46:54 DEBUG [JavaFX-Launcher] o.s.b.SpringApplication : Running with Spring Boot v4.0.1, Spring v7.0.2
2026-01-28 02:46:54 INFO  [JavaFX-Launcher] o.s.b.SpringApplication : No active profile set, falling back to 1 default profile: "default"
2026-01-28 02:46:54 DEBUG [JavaFX-Launcher] o.s.b.SpringApplication : Loading source class org.banew.hdh.fxapp.SpringBootApp
2026-01-28 02:46:55 INFO  [JavaFX-Launcher] o.s.b.SpringApplication : Started application in 0.729 seconds (process running for 1.44)
2026-01-28 02:47:37 INFO  [JavaFX-Launcher] o.s.b.SpringApplication : Starting application using Java 17.0.8 with PID 4380 (started by admin in C:\Main files\Programming\Projects\base-client)
2026-01-28 02:47:37 DEBUG [JavaFX-Launcher] o.s.b.SpringApplication : Running with Spring Boot v4.0.1, Spring v7.0.2
2026-01-28 02:47:37 INFO  [JavaFX-Launcher] o.s.b.SpringApplication : No active profile set, falling back to 1 default profile: "default"
2026-01-28 02:47:37 DEBUG [JavaFX-Launcher] o.s.b.SpringApplication : Loading source class org.banew.hdh.fxapp.SpringBootApp
2026-01-28 02:47:37 INFO  [JavaFX-Launcher] o.s.b.SpringApplication : Started application in 0.704 seconds (process running for 1.41)
2026-01-28 02:52:48 INFO  [JavaFX-Launcher] o.s.b.SpringApplication : Starting application using Java 17.0.8 with PID 18784 (started by admin in C:\Main files\Programming\Projects\base-client)
2026-01-28 02:52:48 DEBUG [JavaFX-Launcher] o.s.b.SpringApplication : Running with Spring Boot v4.0.1, Spring v7.0.2
2026-01-28 02:52:48 INFO  [JavaFX-Launcher] o.s.b.SpringApplication : No active profile set, falling back to 1 default profile: "default"
2026-01-28 02:52:48 DEBUG [JavaFX-Launcher] o.s.b.SpringApplication : Loading source class org.banew.hdh.fxapp.SpringBootApp
2026-01-28 02:52:49 INFO  [JavaFX-Launcher] o.s.b.SpringApplication : Started application in 0.866 seconds (process running for 1.813)
2026-01-28 02:53:59 INFO  [JavaFX-Launcher] o.s.b.SpringApplication : Starting application using Java 17.0.8 with PID 16804 (started by admin in C:\Main files\Programming\Projects\base-client)
2026-01-28 02:53:59 DEBUG [JavaFX-Launcher] o.s.b.SpringApplication : Running with Spring Boot v4.0.1, Spring v7.0.2
2026-01-28 02:53:59 INFO  [JavaFX-Launcher] o.s.b.SpringApplication : No active profile set, falling back to 1 default profile: "default"
2026-01-28 02:53:59 DEBUG [JavaFX-Launcher] o.s.b.SpringApplication : Loading source class org.banew.hdh.fxapp.SpringBootApp
2026-01-28 02:53:59 INFO  [JavaFX-Launcher] o.s.b.SpringApplication : Started application in 0.826 seconds (process running for 1.598)
2026-01-28 02:55:58 INFO  [JavaFX-Launcher] o.s.b.SpringApplication : Starting application using Java 17.0.8 with PID 23048 (started by admin in C:\Main files\Programming\Projects\base-client)
2026-01-28 02:55:58 DEBUG [JavaFX-Launcher] o.s.b.SpringApplication : Running with Spring Boot v4.0.1, Spring v7.0.2
2026-01-28 02:55:58 INFO  [JavaFX-Launcher] o.s.b.SpringApplication : No active profile set, falling back to 1 default profile: "default"
2026-01-28 02:55:58 DEBUG [JavaFX-Launcher] o.s.b.SpringApplication : Loading source class org.banew.hdh.fxapp.SpringBootApp
2026-01-28 02:55:59 INFO  [JavaFX-Launcher] o.s.b.SpringApplication : Started application in 0.701 seconds (process running for 1.401)
2026-01-28 02:57:59 INFO  [JavaFX-Launcher] o.s.b.SpringApplication : Starting application using Java 17.0.8 with PID 7788 (started by admin in C:\Main files\Programming\Projects\base-client)
2026-01-28 02:57:59 DEBUG [JavaFX-Launcher] o.s.b.SpringApplication : Running with Spring Boot v4.0.1, Spring v7.0.2
2026-01-28 02:57:59 INFO  [JavaFX-Launcher] o.s.b.SpringApplication : No active profile set, falling back to 1 default profile: "default"
2026-01-28 02:57:59 DEBUG [JavaFX-Launcher] o.s.b.SpringApplication : Loading source class org.banew.hdh.fxapp.SpringBootApp
2026-01-28 02:58:00 INFO  [JavaFX-Launcher] o.s.b.SpringApplication : Started application in 0.715 seconds (process running for 1.427)
2026-01-28 02:58:44 INFO  [JavaFX-Launcher] o.s.b.SpringApplication : Starting application using Java 17.0.8 with PID 25436 (started by admin in C:\Main files\Programming\Projects\base-client)
2026-01-28 02:58:44 DEBUG [JavaFX-Launcher] o.s.b.SpringApplication : Running with Spring Boot v4.0.1, Spring v7.0.2
2026-01-28 02:58:44 INFO  [JavaFX-Launcher] o.s.b.SpringApplication : No active profile set, falling back to 1 default profile: "default"
2026-01-28 02:58:44 DEBUG [JavaFX-Launcher] o.s.b.SpringApplication : Loading source class org.banew.hdh.fxapp.SpringBootApp
2026-01-28 02:58:45 INFO  [JavaFX-Launcher] o.s.b.SpringApplication : Started application in 0.718 seconds (process running for 1.442)
2026-01-28 02:59:47 INFO  [JavaFX-Launcher] o.s.b.SpringApplication : Starting application using Java 17.0.8 with PID 24644 (started by admin in C:\Main files\Programming\Projects\base-client)
2026-01-28 02:59:47 DEBUG [JavaFX-Launcher] o.s.b.SpringApplication : Running with Spring Boot v4.0.1, Spring v7.0.2
2026-01-28 02:59:47 INFO  [JavaFX-Launcher] o.s.b.SpringApplication : No active profile set, falling back to 1 default profile: "default"
2026-01-28 02:59:47 DEBUG [JavaFX-Launcher] o.s.b.SpringApplication : Loading source class org.banew.hdh.fxapp.SpringBootApp
2026-01-28 02:59:47 INFO  [JavaFX-Launcher] o.s.b.SpringApplication : Started application in 0.694 seconds (process running for 1.438)
2026-01-28 03:00:59 INFO  [JavaFX-Launcher] o.s.b.SpringApplication : Starting application using Java 17.0.8 with PID 3588 (started by admin in C:\Main files\Programming\Projects\base-client)
2026-01-28 03:00:59 DEBUG [JavaFX-Launcher] o.s.b.SpringApplication : Running with Spring Boot v4.0.1, Spring v7.0.2
2026-01-28 03:00:59 INFO  [JavaFX-Launcher] o.s.b.SpringApplication : No active profile set, falling back to 1 default profile: "default"
2026-01-28 03:00:59 DEBUG [JavaFX-Launcher] o.s.b.SpringApplication : Loading source class org.banew.hdh.fxapp.SpringBootApp
2026-01-28 03:00:59 INFO  [JavaFX-Launcher] o.s.b.SpringApplication : Started application in 0.71 seconds (process running for 1.394)
2026-01-28 03:06:00 INFO  [JavaFX-Launcher] o.s.b.SpringApplication : Starting application using Java 17.0.8 with PID 23916 (started by admin in C:\Main files\Programming\Projects\base-client)
2026-01-28 03:06:00 DEBUG [JavaFX-Launcher] o.s.b.SpringApplication : Running with Spring Boot v4.0.1, Spring v7.0.2
2026-01-28 03:06:00 INFO  [JavaFX-Launcher] o.s.b.SpringApplication : No active profile set, falling back to 1 default profile: "default"
2026-01-28 03:06:00 DEBUG [JavaFX-Launcher] o.s.b.SpringApplication : Loading source class org.banew.hdh.fxapp.SpringBootApp
2026-01-28 03:06:01 INFO  [JavaFX-Launcher] o.s.b.SpringApplication : Started application in 0.697 seconds (process running for 1.441)
2026-01-28 03:07:14 INFO  [JavaFX-Launcher] o.s.b.SpringApplication : Starting application using Java 25 with PID 11348 (C:\Main files\Programming\Projects\base-client\home-dear-home-fxapp\target\home-dear-home-fxapp-1.0-SNAPSHOT.jar started by admin in C:\Main files\Programming\Projects\base-client)
2026-01-28 03:07:14 DEBUG [JavaFX-Launcher] o.s.b.SpringApplication : Running with Spring Boot v4.0.1, Spring v7.0.2
2026-01-28 03:07:14 INFO  [JavaFX-Launcher] o.s.b.SpringApplication : No active profile set, falling back to 1 default profile: "default"
2026-01-28 03:07:14 DEBUG [JavaFX-Launcher] o.s.b.SpringApplication : Loading source class org.banew.hdh.fxapp.SpringBootApp
2026-01-28 03:07:14 INFO  [JavaFX-Launcher] o.s.b.SpringApplication : Started application in 0.662 seconds (process running for 1.368)
2026-01-28 03:07:42 INFO  [JavaFX-Launcher] o.s.b.SpringApplication : Starting application using Java 25 with PID 13916 (C:\Main files\Programming\Projects\base-client\home-dear-home-fxapp\target\home-dear-home-fxapp-1.0-SNAPSHOT.jar started by admin in C:\Main files\Programming\Projects\base-client)
2026-01-28 03:07:42 DEBUG [JavaFX-Launcher] o.s.b.SpringApplication : Running with Spring Boot v4.0.1, Spring v7.0.2
2026-01-28 03:07:42 INFO  [JavaFX-Launcher] o.s.b.SpringApplication : No active profile set, falling back to 1 default profile: "default"
2026-01-28 03:07:42 DEBUG [JavaFX-Launcher] o.s.b.SpringApplication : Loading source class org.banew.hdh.fxapp.SpringBootApp
2026-01-28 03:07:42 INFO  [JavaFX-Launcher] o.s.b.SpringApplication : Started application in 0.629 seconds (process running for 1.281)
2026-01-28 03:09:36 INFO  [JavaFX-Launcher] o.s.b.SpringApplication : Starting application using Java 17.0.8 with PID 23964 (started by admin in C:\Main files\Programming\Projects\base-client)
2026-01-28 03:09:36 DEBUG [JavaFX-Launcher] o.s.b.SpringApplication : Running with Spring Boot v4.0.1, Spring v7.0.2
2026-01-28 03:09:36 INFO  [JavaFX-Launcher] o.s.b.SpringApplication : No active profile set, falling back to 1 default profile: "default"
2026-01-28 03:09:36 DEBUG [JavaFX-Launcher] o.s.b.SpringApplication : Loading source class org.banew.hdh.fxapp.SpringBootApp
2026-01-28 03:09:36 INFO  [JavaFX-Launcher] o.s.b.SpringApplication : Started application in 0.697 seconds (process running for 1.392)
2026-01-28 03:11:09 INFO  [JavaFX-Launcher] o.s.b.SpringApplication : Starting application using Java 17.0.8 with PID 24436 (started by admin in C:\Main files\Programming\Projects\base-client)
2026-01-28 03:11:09 DEBUG [JavaFX-Launcher] o.s.b.SpringApplication : Running with Spring Boot v4.0.1, Spring v7.0.2
2026-01-28 03:11:09 INFO  [JavaFX-Launcher] o.s.b.SpringApplication : No active profile set, falling back to 1 default profile: "default"
2026-01-28 03:11:09 DEBUG [JavaFX-Launcher] o.s.b.SpringApplication : Loading source class org.banew.hdh.fxapp.SpringBootApp
2026-01-28 03:11:09 INFO  [JavaFX-Launcher] o.s.b.SpringApplication : Started application in 0.722 seconds (process running for 1.441)
2026-01-28 03:11:45 INFO  [JavaFX-Launcher] o.s.b.SpringApplication : Starting application using Java 17.0.8 with PID 22492 (started by admin in C:\Main files\Programming\Projects\base-client)
2026-01-28 03:11:45 DEBUG [JavaFX-Launcher] o.s.b.SpringApplication : Running with Spring Boot v4.0.1, Spring v7.0.2
2026-01-28 03:11:45 INFO  [JavaFX-Launcher] o.s.b.SpringApplication : No active profile set, falling back to 1 default profile: "default"
2026-01-28 03:11:45 DEBUG [JavaFX-Launcher] o.s.b.SpringApplication : Loading source class org.banew.hdh.fxapp.SpringBootApp
2026-01-28 03:11:45 INFO  [JavaFX-Launcher] o.s.b.SpringApplication : Started application in 0.717 seconds (process running for 1.426)
2026-01-28 03:12:14 INFO  [JavaFX-Launcher] o.s.b.SpringApplication : Starting application using Java 17.0.8 with PID 25424 (started by admin in C:\Main files\Programming\Projects\base-client)
2026-01-28 03:12:14 DEBUG [JavaFX-Launcher] o.s.b.SpringApplication : Running with Spring Boot v4.0.1, Spring v7.0.2
2026-01-28 03:12:14 INFO  [JavaFX-Launcher] o.s.b.SpringApplication : No active profile set, falling back to 1 default profile: "default"
2026-01-28 03:12:14 DEBUG [JavaFX-Launcher] o.s.b.SpringApplication : Loading source class org.banew.hdh.fxapp.SpringBootApp
2026-01-28 03:12:15 INFO  [JavaFX-Launcher] o.s.b.SpringApplication : Started application in 0.721 seconds (process running for 1.447)
2026-01-28 03:14:02 INFO  [JavaFX-Launcher] o.s.b.SpringApplication : Starting application using Java 17.0.8 with PID 3604 (started by admin in C:\Main files\Programming\Projects\base-client)
2026-01-28 03:14:02 DEBUG [JavaFX-Launcher] o.s.b.SpringApplication : Running with Spring Boot v4.0.1, Spring v7.0.2
2026-01-28 03:14:02 INFO  [JavaFX-Launcher] o.s.b.SpringApplication : No active profile set, falling back to 1 default profile: "default"
2026-01-28 03:14:02 DEBUG [JavaFX-Launcher] o.s.b.SpringApplication : Loading source class org.banew.hdh.fxapp.SpringBootApp
2026-01-28 03:14:03 INFO  [JavaFX-Launcher] o.s.b.SpringApplication : Started application in 0.715 seconds (process running for 1.424)
2026-01-28 03:16:11 INFO  [JavaFX-Launcher] o.s.b.SpringApplication : Starting application using Java 17.0.8 with PID 18900 (started by admin in C:\Main files\Programming\Projects\base-client)
2026-01-28 03:16:11 DEBUG [JavaFX-Launcher] o.s.b.SpringApplication : Running with Spring Boot v4.0.1, Spring v7.0.2
2026-01-28 03:16:11 INFO  [JavaFX-Launcher] o.s.b.SpringApplication : No active profile set, falling back to 1 default profile: "default"
2026-01-28 03:16:11 DEBUG [JavaFX-Launcher] o.s.b.SpringApplication : Loading source class org.banew.hdh.fxapp.SpringBootApp
2026-01-28 03:16:11 INFO  [JavaFX-Launcher] o.s.b.SpringApplication : Started application in 0.711 seconds (process running for 1.446)
2026-01-28 16:17:45 INFO  [JavaFX-Launcher] o.s.b.SpringApplication : Starting application using Java 17.0.8 with PID 21768 (started by admin in C:\Main files\Programming\Projects\base-client)
2026-01-28 16:17:45 DEBUG [JavaFX-Launcher] o.s.b.SpringApplication : Running with Spring Boot v4.0.1, Spring v7.0.2
2026-01-28 16:17:45 INFO  [JavaFX-Launcher] o.s.b.SpringApplication : No active profile set, falling back to 1 default profile: "default"
2026-01-28 16:17:45 DEBUG [JavaFX-Launcher] o.s.b.SpringApplication : Loading source class org.banew.hdh.fxapp.SpringBootApp
2026-01-28 16:17:46 INFO  [JavaFX-Launcher] o.s.b.SpringApplication : Started application in 0.855 seconds (process running for 2.162)
2026-01-28 18:33:51 INFO  [JavaFX-Launcher] o.s.b.SpringApplication : Starting application using Java 17.0.8 with PID 5488 (started by admin in C:\Main files\Programming\Projects\base-client)
2026-01-28 18:33:51 DEBUG [JavaFX-Launcher] o.s.b.SpringApplication : Running with Spring Boot v4.0.1, Spring v7.0.2
2026-01-28 18:33:51 INFO  [JavaFX-Launcher] o.s.b.SpringApplication : No active profile set, falling back to 1 default profile: "default"
2026-01-28 18:33:51 DEBUG [JavaFX-Launcher] o.s.b.SpringApplication : Loading source class org.banew.hdh.fxapp.SpringBootApp
2026-01-28 18:33:51 INFO  [JavaFX-Launcher] o.s.b.SpringApplication : Started application in 0.752 seconds (process running for 1.692)
2026-01-28 18:43:09 INFO  [JavaFX-Launcher] o.s.b.SpringApplication : Starting application using Java 17.0.8 with PID 9120 (started by admin in C:\Main files\Programming\Projects\base-client)
2026-01-28 18:43:09 DEBUG [JavaFX-Launcher] o.s.b.SpringApplication : Running with Spring Boot v4.0.1, Spring v7.0.2
2026-01-28 18:43:09 INFO  [JavaFX-Launcher] o.s.b.SpringApplication : No active profile set, falling back to 1 default profile: "default"
2026-01-28 18:43:09 DEBUG [JavaFX-Launcher] o.s.b.SpringApplication : Loading source class org.banew.hdh.fxapp.SpringBootApp
2026-01-28 18:43:10 INFO  [JavaFX-Launcher] o.s.b.SpringApplication : Started application in 0.688 seconds (process running for 1.443)
2026-01-28 19:01:01 INFO  [JavaFX-Launcher] o.s.b.SpringApplication : Starting application using Java 17.0.8 with PID 5952 (started by admin in C:\Main files\Programming\Projects\base-client)
2026-01-28 19:01:01 DEBUG [JavaFX-Launcher] o.s.b.SpringApplication : Running with Spring Boot v4.0.1, Spring v7.0.2
2026-01-28 19:01:01 INFO  [JavaFX-Launcher] o.s.b.SpringApplication : No active profile set, falling back to 1 default profile: "default"
2026-01-28 19:01:01 DEBUG [JavaFX-Launcher] o.s.b.SpringApplication : Loading source class org.banew.hdh.fxapp.SpringBootApp
2026-01-28 19:01:01 INFO  [JavaFX-Launcher] o.s.b.SpringApplication : Started application in 0.743 seconds (process running for 1.615)
2026-01-28 19:01:38 INFO  [JavaFX-Launcher] o.s.b.SpringApplication : Starting application using Java 17.0.8 with PID 20460 (started by admin in C:\Main files\Programming\Projects\base-client)
2026-01-28 19:01:38 DEBUG [JavaFX-Launcher] o.s.b.SpringApplication : Running with Spring Boot v4.0.1, Spring v7.0.2
2026-01-28 19:01:38 INFO  [JavaFX-Launcher] o.s.b.SpringApplication : No active profile set, falling back to 1 default profile: "default"
2026-01-28 19:01:38 DEBUG [JavaFX-Launcher] o.s.b.SpringApplication : Loading source class org.banew.hdh.fxapp.SpringBootApp
2026-01-28 19:01:39 INFO  [JavaFX-Launcher] o.s.b.SpringApplication : Started application in 0.727 seconds (process running for 1.519)
2026-01-28 19:07:14 INFO  [JavaFX-Launcher] o.s.b.SpringApplication : Starting application using Java 17.0.8 with PID 15848 (started by admin in C:\Main files\Programming\Projects\base-client)
2026-01-28 19:07:14 DEBUG [JavaFX-Launcher] o.s.b.SpringApplication : Running with Spring Boot v3.4.0, Spring v6.2.0
2026-01-28 19:07:14 INFO  [JavaFX-Launcher] o.s.b.SpringApplication : No active profile set, falling back to 1 default profile: "default"
2026-01-28 19:07:14 DEBUG [JavaFX-Launcher] o.s.b.SpringApplication : Loading source class org.banew.hdh.fxapp.SpringBootApp
2026-01-28 19:07:15 INFO  [JavaFX-Launcher] o.s.b.SpringApplication : Started application in 0.752 seconds (process running for 1.509)
2026-01-28 19:09:20 INFO  [JavaFX-Launcher] o.s.b.SpringApplication : Starting application using Java 17.0.8 with PID 1364 (started by admin in C:\Main files\Programming\Projects\base-client)
2026-01-28 19:09:20 DEBUG [JavaFX-Launcher] o.s.b.SpringApplication : Running with Spring Boot v3.4.0, Spring v6.2.0
2026-01-28 19:09:20 INFO  [JavaFX-Launcher] o.s.b.SpringApplication : No active profile set, falling back to 1 default profile: "default"
2026-01-28 19:09:20 DEBUG [JavaFX-Launcher] o.s.b.SpringApplication : Loading source class org.banew.hdh.fxapp.SpringBootApp
2026-01-28 19:09:20 INFO  [JavaFX-Launcher] o.s.b.SpringApplication : Started application in 0.768 seconds (process running for 1.516)
